
**** Build of configuration Debug for project netio ****

make all 
Building file: ../ethersex.c
Invoking: AVR Compiler
avr-gcc -Wall -g2 -gstabs -O0 -fpack-struct -fshort-enums -std=gnu99 -funsigned-char -funsigned-bitfields -mmcu=atmega644p -DF_CPU=16000000UL -MMD -MP -MF"ethersex.d" -MT"ethersex.d" -c -o "ethersex.o" "../ethersex.c"
In file included from ../ethersex.c:27:
/opt/cross/avr/lib/gcc/avr/4.3.3/../../../../avr/include/util/delay.h:94:3: warning: #warning "Compiler optimizations disabled; functions from <util/delay.h> won't work as designed"
In file included from ../protocols/uip/uipopt.h:70,
                 from ../protocols/uip/uip.h:58,
                 from ../ethersex.c:30:
../protocols/uip/uip-conf.h:7:20: error: config.h: No such file or directory
In file included from ../ethersex.c:30:
../protocols/uip/uip.h:59:18: error: meta.h: No such file or directory
In file included from ../ethersex.c:30:
../protocols/uip/uip.h:1253: error: expected specifier-qualifier-list before 'uip_tcp_appstate_t'
../protocols/uip/uip.h:1297: error: expected specifier-qualifier-list before 'uip_udp_appstate_t'
../protocols/uip/uip.h:1649:40: error: hardware/radio/rfm12/rfm12.h: No such file or directory
../protocols/uip/uip.h:1650:33: error: protocols/zbus/zbus.h: No such file or directory
../protocols/uip/uip.h:1651:35: error: protocols/usb/usb_net.h: No such file or directory
../protocols/uip/uip.h: In function 'uip_buf_lock':
../protocols/uip/uip.h:1662: warning: implicit declaration of function 'rfm12_int_disable'
In file included from ../ethersex.c:34:
../core/debug.h:28:25: error: core/global.h: No such file or directory
../core/debug.h:29:43: error: protocols/syslog/syslog_debug.h: No such file or directory
In file included from ../ethersex.c:42:
../core/vfs/vfs.h:74:47: error: hardware/storage/dataflash/vfs_df.h: No such file or directory
../core/vfs/vfs.h:75:47: error: hardware/storage/sd_reader/vfs_sd.h: No such file or directory
../core/vfs/vfs.h:76:33: error: core/vfs/vfs_inline.h: No such file or directory
../core/vfs/vfs.h:77:44: error: hardware/i2c/master/vfs_eeprom.h: No such file or directory
../core/vfs/vfs.h:78:48: error: hardware/i2c/master/vfs_eeprom_raw.h: No such file or directory
../core/vfs/vfs.h:79:40: error: hardware/camera/vfs_dc3840.h: No such file or directory
../core/vfs/vfs.h:80:27: error: core/host/vfs.h: No such file or directory
In file included from ../ethersex.c:42:
../core/vfs/vfs.h: At top level:
../core/vfs/vfs.h:88: error: expected specifier-qualifier-list before 'vfs_file_handle_df_t'
make: *** [ethersex.o] Error 1

**** Build Finished ****

**** Build of configuration Release for project netio ****

make -j4 all 
/bin/sh core/portio/cfgpp pinning/named_pin/default
Build meta files
sed -ne '/Ethersex META/{n;:loop p;n;/\*\//!bloop }' ethersex.c core/eeprom.c  core/util/fixedpoint.c core/util/string_parsing.c network.c core/debug.c core/periodic.c core/spi.c hardware/avr/dump_ecmd.c hardware/avr/fuse.c hardware/avr/hostname.c hardware/avr/reset_ecmd.c hardware/avr/bootloader_ecmd.c hardware/ethernet/ethernet_config.c hardware/ethernet/enc28j60.c hardware/ethernet/enc28j60_process.c hardware/ethernet/enc28j60_transmit.c hardware/radio/rfm12/rfm12.c hardware/radio/rfm12/process.c protocols/uip/uip.c protocols/uip/uip_multi.c protocols/uip/uip_router.c protocols/uip/uip_arp.c protocols/uip/check_cache.c protocols/uip/uip_rfm12.c protocols/dns/dns_net.c protocols/dns/resolv.c protocols/dns/dns_ecmd.c > meta.m4.tmp
m4 -I./pinning `scripts/m4-defines` pinning/internals/header.m4 pinning/controllers/atmega644p.m4 pinning/internals/hackery_atmega644p.m4 pinning/hardware/netio.m4 pinning/internals/footer.m4 > pinning.c
Copying to meta.m4
m4 `scripts/m4-defines` scripts/meta_magic.m4 meta.m4 > meta.c
m4 `scripts/m4-defines` scripts/meta_header_magic.m4 meta.m4 > meta.h
m4  ./control6/control6-header.m4 ./control6/control6.src > control6/control6.h
Build meta files
sed -ne '/Ethersex META/{n;:loop p;n;/\*\//!bloop }' ethersex.c core/eeprom.c  core/util/fixedpoint.c core/util/string_parsing.c network.c core/debug.c core/periodic.c core/spi.c hardware/avr/dump_ecmd.c hardware/avr/fuse.c hardware/avr/hostname.c hardware/avr/reset_ecmd.c hardware/avr/bootloader_ecmd.c hardware/ethernet/ethernet_config.c hardware/ethernet/enc28j60.c hardware/ethernet/enc28j60_process.c hardware/ethernet/enc28j60_transmit.c hardware/radio/rfm12/rfm12.c hardware/radio/rfm12/process.c protocols/uip/uip.c protocols/uip/uip_multi.c protocols/uip/uip_router.c protocols/uip/uip_arp.c protocols/uip/check_cache.c protocols/uip/uip_rfm12.c protocols/dns/dns_net.c protocols/dns/resolv.c protocols/dns/dns_ecmd.c > meta.m4.tmp
In file included from ./core/usart.h:90,
                 from core/debug.c:50:
./core/setbaud.h:213:4: warning: #warning "Baud rate achieved is higher than allowed"
hardware/radio/rfm12/rfm12.c: In function 'udpsend':
hardware/radio/rfm12/rfm12.c:253: warning: assignment discards qualifiers from pointer target type
Copying to meta.m4
avr-gcc -Wall -W -Wno-unused-parameter -Wno-sign-compare -Wno-char-subscripts  -g -Os -std=gnu99 -fdata-sections -ffunction-sections -fshort-enums -fno-strict-aliasing -Iprotocols/usb/usbdrv -Iprotocols/usb -DAVR_BUILD -DF_CPU=16000000UL -mmcu=atmega644p -I.  -c -o ethersex.o ethersex.c
hardware/radio/rfm12/rfm12.c: In function 'x':
hardware/radio/rfm12/rfm12.c:439: warning: passing argument 1 of 'uip_send' discards qualifiers from pointer target type
avr-gcc -Wall -W -Wno-unused-parameter -Wno-sign-compare -Wno-char-subscripts  -g -Os -std=gnu99 -fdata-sections -ffunction-sections -fshort-enums -fno-strict-aliasing -Iprotocols/usb/usbdrv -Iprotocols/usb -DAVR_BUILD -DF_CPU=16000000UL -mmcu=atmega644p -I.  -c -o core/eeprom.o core/eeprom.c
avr-gcc -Wall -W -Wno-unused-parameter -Wno-sign-compare -Wno-char-subscripts  -g -Os -std=gnu99 -fdata-sections -ffunction-sections -fshort-enums -fno-strict-aliasing -Iprotocols/usb/usbdrv -Iprotocols/usb -DAVR_BUILD -DF_CPU=16000000UL -mmcu=atmega644p -I.  -c -o core/util/fixedpoint.o core/util/fixedpoint.c
avr-gcc -Wall -W -Wno-unused-parameter -Wno-sign-compare -Wno-char-subscripts  -g -Os -std=gnu99 -fdata-sections -ffunction-sections -fshort-enums -fno-strict-aliasing -Iprotocols/usb/usbdrv -Iprotocols/usb -DAVR_BUILD -DF_CPU=16000000UL -mmcu=atmega644p -I.  -c -o core/util/string_parsing.o core/util/string_parsing.c
meta.c: In function 'ethersex_meta_mainloop':
meta.c:87: warning: implicit declaration of function 'rfm12_int_process'
avr-gcc -Wall -W -Wno-unused-parameter -Wno-sign-compare -Wno-char-subscripts  -g -Os -std=gnu99 -fdata-sections -ffunction-sections -fshort-enums -fno-strict-aliasing -Iprotocols/usb/usbdrv -Iprotocols/usb -DAVR_BUILD -DF_CPU=16000000UL -mmcu=atmega644p -I.  -c -o network.o network.c
avr-gcc -Wall -W -Wno-unused-parameter -Wno-sign-compare -Wno-char-subscripts  -g -Os -std=gnu99 -fdata-sections -ffunction-sections -fshort-enums -fno-strict-aliasing -Iprotocols/usb/usbdrv -Iprotocols/usb -DAVR_BUILD -DF_CPU=16000000UL -mmcu=atmega644p -I.  -c -o core/debug.o core/debug.c
avr-gcc -Wall -W -Wno-unused-parameter -Wno-sign-compare -Wno-char-subscripts  -g -Os -std=gnu99 -fdata-sections -ffunction-sections -fshort-enums -fno-strict-aliasing -Iprotocols/usb/usbdrv -Iprotocols/usb -DAVR_BUILD -DF_CPU=16000000UL -mmcu=atmega644p -I.  -c -o core/periodic.o core/periodic.c
avr-gcc -Wall -W -Wno-unused-parameter -Wno-sign-compare -Wno-char-subscripts  -g -Os -std=gnu99 -fdata-sections -ffunction-sections -fshort-enums -fno-strict-aliasing -Iprotocols/usb/usbdrv -Iprotocols/usb -DAVR_BUILD -DF_CPU=16000000UL -mmcu=atmega644p -I.  -c -o core/spi.o core/spi.c
avr-gcc -Wall -W -Wno-unused-parameter -Wno-sign-compare -Wno-char-subscripts  -g -Os -std=gnu99 -fdata-sections -ffunction-sections -fshort-enums -fno-strict-aliasing -Iprotocols/usb/usbdrv -Iprotocols/usb -DAVR_BUILD -DF_CPU=16000000UL -mmcu=atmega644p -I.  -c -o hardware/avr/dump_ecmd.o hardware/avr/dump_ecmd.c
avr-gcc -Wall -W -Wno-unused-parameter -Wno-sign-compare -Wno-char-subscripts  -g -Os -std=gnu99 -fdata-sections -ffunction-sections -fshort-enums -fno-strict-aliasing -Iprotocols/usb/usbdrv -Iprotocols/usb -DAVR_BUILD -DF_CPU=16000000UL -mmcu=atmega644p -I.  -c -o hardware/avr/fuse.o hardware/avr/fuse.c
avr-gcc -Wall -W -Wno-unused-parameter -Wno-sign-compare -Wno-char-subscripts  -g -Os -std=gnu99 -fdata-sections -ffunction-sections -fshort-enums -fno-strict-aliasing -Iprotocols/usb/usbdrv -Iprotocols/usb -DAVR_BUILD -DF_CPU=16000000UL -mmcu=atmega644p -I.  -c -o hardware/avr/hostname.o hardware/avr/hostname.c
avr-gcc -Wall -W -Wno-unused-parameter -Wno-sign-compare -Wno-char-subscripts  -g -Os -std=gnu99 -fdata-sections -ffunction-sections -fshort-enums -fno-strict-aliasing -Iprotocols/usb/usbdrv -Iprotocols/usb -DAVR_BUILD -DF_CPU=16000000UL -mmcu=atmega644p -I.  -c -o hardware/avr/reset_ecmd.o hardware/avr/reset_ecmd.c
avr-gcc -Wall -W -Wno-unused-parameter -Wno-sign-compare -Wno-char-subscripts  -g -Os -std=gnu99 -fdata-sections -ffunction-sections -fshort-enums -fno-strict-aliasing -Iprotocols/usb/usbdrv -Iprotocols/usb -DAVR_BUILD -DF_CPU=16000000UL -mmcu=atmega644p -I.  -c -o hardware/avr/bootloader_ecmd.o hardware/avr/bootloader_ecmd.c
avr-gcc -Wall -W -Wno-unused-parameter -Wno-sign-compare -Wno-char-subscripts  -g -Os -std=gnu99 -fdata-sections -ffunction-sections -fshort-enums -fno-strict-aliasing -Iprotocols/usb/usbdrv -Iprotocols/usb -DAVR_BUILD -DF_CPU=16000000UL -mmcu=atmega644p -I.  -c -o hardware/ethernet/ethernet_config.o hardware/ethernet/ethernet_config.c
avr-gcc -Wall -W -Wno-unused-parameter -Wno-sign-compare -Wno-char-subscripts  -g -Os -std=gnu99 -fdata-sections -ffunction-sections -fshort-enums -fno-strict-aliasing -Iprotocols/usb/usbdrv -Iprotocols/usb -DAVR_BUILD -DF_CPU=16000000UL -mmcu=atmega644p -I.  -c -o hardware/ethernet/enc28j60.o hardware/ethernet/enc28j60.c
avr-gcc -Wall -W -Wno-unused-parameter -Wno-sign-compare -Wno-char-subscripts  -g -Os -std=gnu99 -fdata-sections -ffunction-sections -fshort-enums -fno-strict-aliasing -Iprotocols/usb/usbdrv -Iprotocols/usb -DAVR_BUILD -DF_CPU=16000000UL -mmcu=atmega644p -I.  -c -o hardware/ethernet/enc28j60_process.o hardware/ethernet/enc28j60_process.c
avr-gcc -Wall -W -Wno-unused-parameter -Wno-sign-compare -Wno-char-subscripts  -g -Os -std=gnu99 -fdata-sections -ffunction-sections -fshort-enums -fno-strict-aliasing -Iprotocols/usb/usbdrv -Iprotocols/usb -DAVR_BUILD -DF_CPU=16000000UL -mmcu=atmega644p -I.  -c -o hardware/ethernet/enc28j60_transmit.o hardware/ethernet/enc28j60_transmit.c
avr-gcc -Wall -W -Wno-unused-parameter -Wno-sign-compare -Wno-char-subscripts  -g -Os -std=gnu99 -fdata-sections -ffunction-sections -fshort-enums -fno-strict-aliasing -Iprotocols/usb/usbdrv -Iprotocols/usb -DAVR_BUILD -DF_CPU=16000000UL -mmcu=atmega644p -I.  -c -o hardware/radio/rfm12/rfm12.o hardware/radio/rfm12/rfm12.c
avr-gcc -Wall -W -Wno-unused-parameter -Wno-sign-compare -Wno-char-subscripts  -g -Os -std=gnu99 -fdata-sections -ffunction-sections -fshort-enums -fno-strict-aliasing -Iprotocols/usb/usbdrv -Iprotocols/usb -DAVR_BUILD -DF_CPU=16000000UL -mmcu=atmega644p -I.  -c -o hardware/radio/rfm12/process.o hardware/radio/rfm12/process.c
avr-gcc -Wall -W -Wno-unused-parameter -Wno-sign-compare -Wno-char-subscripts  -g -Os -std=gnu99 -fdata-sections -ffunction-sections -fshort-enums -fno-strict-aliasing -Iprotocols/usb/usbdrv -Iprotocols/usb -DAVR_BUILD -DF_CPU=16000000UL -mmcu=atmega644p -I.  -c -o protocols/uip/uip.o protocols/uip/uip.c
avr-gcc -Wall -W -Wno-unused-parameter -Wno-sign-compare -Wno-char-subscripts  -g -Os -std=gnu99 -fdata-sections -ffunction-sections -fshort-enums -fno-strict-aliasing -Iprotocols/usb/usbdrv -Iprotocols/usb -DAVR_BUILD -DF_CPU=16000000UL -mmcu=atmega644p -I.  -c -o protocols/uip/uip_multi.o protocols/uip/uip_multi.c
avr-gcc -Wall -W -Wno-unused-parameter -Wno-sign-compare -Wno-char-subscripts  -g -Os -std=gnu99 -fdata-sections -ffunction-sections -fshort-enums -fno-strict-aliasing -Iprotocols/usb/usbdrv -Iprotocols/usb -DAVR_BUILD -DF_CPU=16000000UL -mmcu=atmega644p -I.  -c -o protocols/uip/uip_router.o protocols/uip/uip_router.c
avr-gcc -Wall -W -Wno-unused-parameter -Wno-sign-compare -Wno-char-subscripts  -g -Os -std=gnu99 -fdata-sections -ffunction-sections -fshort-enums -fno-strict-aliasing -Iprotocols/usb/usbdrv -Iprotocols/usb -DAVR_BUILD -DF_CPU=16000000UL -mmcu=atmega644p -I.  -c -o protocols/uip/uip_arp.o protocols/uip/uip_arp.c
avr-gcc -Wall -W -Wno-unused-parameter -Wno-sign-compare -Wno-char-subscripts  -g -Os -std=gnu99 -fdata-sections -ffunction-sections -fshort-enums -fno-strict-aliasing -Iprotocols/usb/usbdrv -Iprotocols/usb -DAVR_BUILD -DF_CPU=16000000UL -mmcu=atmega644p -I.  -c -o protocols/uip/check_cache.o protocols/uip/check_cache.c
avr-gcc -Wall -W -Wno-unused-parameter -Wno-sign-compare -Wno-char-subscripts  -g -Os -std=gnu99 -fdata-sections -ffunction-sections -fshort-enums -fno-strict-aliasing -Iprotocols/usb/usbdrv -Iprotocols/usb -DAVR_BUILD -DF_CPU=16000000UL -mmcu=atmega644p -I.  -c -o protocols/uip/uip_rfm12.o protocols/uip/uip_rfm12.c
avr-gcc -Wall -W -Wno-unused-parameter -Wno-sign-compare -Wno-char-subscripts  -g -Os -std=gnu99 -fdata-sections -ffunction-sections -fshort-enums -fno-strict-aliasing -Iprotocols/usb/usbdrv -Iprotocols/usb -DAVR_BUILD -DF_CPU=16000000UL -mmcu=atmega644p -I.  -c -o protocols/dns/dns_net.o protocols/dns/dns_net.c
avr-gcc -Wall -W -Wno-unused-parameter -Wno-sign-compare -Wno-char-subscripts  -g -Os -std=gnu99 -fdata-sections -ffunction-sections -fshort-enums -fno-strict-aliasing -Iprotocols/usb/usbdrv -Iprotocols/usb -DAVR_BUILD -DF_CPU=16000000UL -mmcu=atmega644p -I.  -c -o protocols/dns/resolv.o protocols/dns/resolv.c
avr-gcc -Wall -W -Wno-unused-parameter -Wno-sign-compare -Wno-char-subscripts  -g -Os -std=gnu99 -fdata-sections -ffunction-sections -fshort-enums -fno-strict-aliasing -Iprotocols/usb/usbdrv -Iprotocols/usb -DAVR_BUILD -DF_CPU=16000000UL -mmcu=atmega644p -I.  -c -o protocols/dns/dns_ecmd.o protocols/dns/dns_ecmd.c
avr-gcc -Wall -W -Wno-unused-parameter -Wno-sign-compare -Wno-char-subscripts  -g -Os -std=gnu99 -fdata-sections -ffunction-sections -fshort-enums -fno-strict-aliasing -Iprotocols/usb/usbdrv -Iprotocols/usb -DAVR_BUILD -DF_CPU=16000000UL -mmcu=atmega644p -I.  -c -o meta.o meta.c
avr-gcc -mmcu=atmega644p -Wl,--gc-sections -o ethersex ethersex.o core/eeprom.o core/util/fixedpoint.o core/util/string_parsing.o network.o core/debug.o core/periodic.o core/spi.o hardware/avr/dump_ecmd.o hardware/avr/fuse.o hardware/avr/hostname.o hardware/avr/reset_ecmd.o hardware/avr/bootloader_ecmd.o hardware/ethernet/ethernet_config.o hardware/ethernet/enc28j60.o hardware/ethernet/enc28j60_process.o hardware/ethernet/enc28j60_transmit.o hardware/radio/rfm12/rfm12.o hardware/radio/rfm12/process.o protocols/uip/uip.o protocols/uip/uip_multi.o protocols/uip/uip_router.o protocols/uip/uip_arp.o protocols/uip/check_cache.o protocols/uip/uip_rfm12.o protocols/dns/dns_net.o protocols/dns/resolv.o protocols/dns/dns_ecmd.o meta.o  -lc -lm # Pixie Dust!!! (Bug in avr-binutils)
avr-objcopy -O ihex -R .eeprom ethersex ethersex.hex
avr-objcopy -O binary -R .eeprom ethersex ethersex.bin
=======The ethersex project========
Compiled for: atmega644p at 16000000Hz
Imagesize: 17378/65536 bytes (26.52%)
  [=======-----------------------]

Program (.text + .data)	: 17378 bytes
Data (.data + .bss)	:  2197 bytes

===================================

**** Build Finished ****

**** Build of configuration Debug for project wordclock ****

make all 
Building file: ../i2c-master.c
/bin/sh: avr-gcc: command not found
Invoking: AVR Compiler
avr-gcc -I"C:\WinAVR-20100110\avr\include" -Wall -g2 -gstabs -O0 -fpack-struct -fshort-enums -std=gnu99 -funsigned-char -funsigned-bitfields -mmcu=atmega32 -DF_CPU=14745600UL -MMD -MP -MF"i2c-master.d" -MT"i2c-master.d" -c -o "i2c-master.o" "../i2c-master.c"
make: *** [i2c-master.o] Error 127

**** Build Finished ****

**** Build of configuration Debug for project wordclock ****

make all 
Building file: ../i2c-master.c
Invoking: AVR Compiler
avr-gcc -I"C:\WinAVR-20100110\avr\include" -Wall -g2 -gstabs -O0 -fpack-struct -fshort-enums -std=gnu99 -funsigned-char -funsigned-bitfields -mmcu=atmega32 -DF_CPU=14745600UL -MMD -MP -MF"i2c-master.d" -MT"i2c-master.d" -c -o "i2c-master.o" "../i2c-master.c"
In file included from ../i2c-master.c:23:
Finished building: ../i2c-master.c
 
/opt/cross/avr/lib/gcc/avr/4.3.3/../../../../avr/include/util/delay.h:94:3: warning: #warning "Compiler optimizations disabled; functions from <util/delay.h> won't work as designed"
Building file: ../i2c-rtc.c
In file included from ../i2c-rtc.c:19:
Invoking: AVR Compiler
avr-gcc -I"C:\WinAVR-20100110\avr\include" -Wall -g2 -gstabs -O0 -fpack-struct -fshort-enums -std=gnu99 -funsigned-char -funsigned-bitfields -mmcu=atmega32 -DF_CPU=14745600UL -MMD -MP -MF"i2c-rtc.d" -MT"i2c-rtc.d" -c -o "i2c-rtc.o" "../i2c-rtc.c"
/opt/cross/avr/lib/gcc/avr/4.3.3/../../../../avr/include/util/delay.h:94:3: warning: #warning "Compiler optimizations disabled; functions from <util/delay.h> won't work as designed"
Finished building: ../i2c-rtc.c
 
In file included from ../ldr.c:26:
Building file: ../ldr.c
Invoking: AVR Compiler
avr-gcc -I"C:\WinAVR-20100110\avr\include" -Wall -g2 -gstabs -O0 -fpack-struct -fshort-enums -std=gnu99 -funsigned-char -funsigned-bitfields -mmcu=atmega32 -DF_CPU=14745600UL -MMD -MP -MF"ldr.d" -MT"ldr.d" -c -o "ldr.o" "../ldr.c"
Finished building: ../ldr.c
 
/opt/cross/avr/lib/gcc/avr/4.3.3/../../../../avr/include/util/delay.h:94:3: warning: #warning "Compiler optimizations disabled; functions from <util/delay.h> won't work as designed"
In file included from ../main.c:4:
Building file: ../main.c
/opt/cross/avr/lib/gcc/avr/4.3.3/../../../../avr/include/util/delay.h:94:3: warning: #warning "Compiler optimizations disabled; functions from <util/delay.h> won't work as designed"
Invoking: AVR Compiler
avr-gcc -I"C:\WinAVR-20100110\avr\include" -Wall -g2 -gstabs -O0 -fpack-struct -fshort-enums -std=gnu99 -funsigned-char -funsigned-bitfields -mmcu=atmega32 -DF_CPU=14745600UL -MMD -MP -MF"main.d" -MT"main.d" -c -o "main.o" "../main.c"
Finished building: ../main.c
 
Building file: ../timer.c
Invoking: AVR Compiler
avr-gcc -I"C:\WinAVR-20100110\avr\include" -Wall -g2 -gstabs -O0 -fpack-struct -fshort-enums -std=gnu99 -funsigned-char -funsigned-bitfields -mmcu=atmega32 -DF_CPU=14745600UL -MMD -MP -MF"timer.d" -MT"timer.d" -c -o "timer.o" "../timer.c"
Finished building: ../timer.c
 
Building target: wordclock.elf
Invoking: AVR C++ Linker
avr-g++ -Wl,-Map,wordclock.map,--cref -mmcu=atmega32 -o "wordclock.elf"  ./i2c-master.o ./i2c-rtc.o ./ldr.o ./main.o ./timer.o   
Finished building target: wordclock.elf
 
Invoking: AVR Create Extended Listing
avr-objdump -h -S wordclock.elf  >"wordclock.lss"
Finished building: wordclock.lss
 
Invoking: Print Size
avr-size --format=berkeley -t wordclock.elf
   text	   data	    bss	    dec	    hex	filename
  33236	   1224	     83	  34543	   86ef	wordclock.elf
  33236	   1224	     83	  34543	   86ef	(TOTALS)
Finished building: sizedummy
 

**** Build Finished ****

**** Clean-only build of configuration Release for project wordclock ****

make clean 
rm -rf  ./i2c-master.o ./i2c-rtc.o ./ldr.o ./main.o ./timer.o  ./i2c-master.d ./i2c-rtc.d ./ldr.d ./main.d ./timer.d  wordclock.eep  wordclock.hex  wordclock.lss  sizedummy  wordclock.elf
 

**** Build Finished ****

**** Build of configuration Release for project wordclock ****

make all 
Building file: ../i2c-master.c
Invoking: AVR Compiler
avr-gcc -I"C:\WinAVR-20100110\avr\include" -Wall -Os -fpack-struct -fshort-enums -std=gnu99 -funsigned-char -funsigned-bitfields -mmcu=atmega32 -DF_CPU=14745600UL -MMD -MP -MF"i2c-master.d" -MT"i2c-master.d" -c -o "i2c-master.o" "../i2c-master.c"
Finished building: ../i2c-master.c
 
Building file: ../i2c-rtc.c
Invoking: AVR Compiler
avr-gcc -I"C:\WinAVR-20100110\avr\include" -Wall -Os -fpack-struct -fshort-enums -std=gnu99 -funsigned-char -funsigned-bitfields -mmcu=atmega32 -DF_CPU=14745600UL -MMD -MP -MF"i2c-rtc.d" -MT"i2c-rtc.d" -c -o "i2c-rtc.o" "../i2c-rtc.c"
Finished building: ../i2c-rtc.c
 
Building file: ../ldr.c
Invoking: AVR Compiler
avr-gcc -I"C:\WinAVR-20100110\avr\include" -Wall -Os -fpack-struct -fshort-enums -std=gnu99 -funsigned-char -funsigned-bitfields -mmcu=atmega32 -DF_CPU=14745600UL -MMD -MP -MF"ldr.d" -MT"ldr.d" -c -o "ldr.o" "../ldr.c"
Finished building: ../ldr.c
 
Building file: ../main.c
Invoking: AVR Compiler
avr-gcc -I"C:\WinAVR-20100110\avr\include" -Wall -Os -fpack-struct -fshort-enums -std=gnu99 -funsigned-char -funsigned-bitfields -mmcu=atmega32 -DF_CPU=14745600UL -MMD -MP -MF"main.d" -MT"main.d" -c -o "main.o" "../main.c"
Finished building: ../main.c
 
Building file: ../timer.c
Invoking: AVR Compiler
avr-gcc -I"C:\WinAVR-20100110\avr\include" -Wall -Os -fpack-struct -fshort-enums -std=gnu99 -funsigned-char -funsigned-bitfields -mmcu=atmega32 -DF_CPU=14745600UL -MMD -MP -MF"timer.d" -MT"timer.d" -c -o "timer.o" "../timer.c"
Finished building: ../timer.c
 
Building target: wordclock.elf
Invoking: AVR C++ Linker
avr-g++ -Wl,-Map,wordclock.map,--cref -mmcu=atmega32 -o "wordclock.elf"  ./i2c-master.o ./i2c-rtc.o ./ldr.o ./main.o ./timer.o   
Finished building target: wordclock.elf
 
Invoking: AVR Create Extended Listing
avr-objdump -h -S wordclock.elf  >"wordclock.lss"
Finished building: wordclock.lss
 
Create Flash image (ihex format)
avr-objcopy -R .eeprom -O ihex wordclock.elf  "wordclock.hex"
Finished building: wordclock.hex
 
Create eeprom image (ihex format)
avr-objcopy -j .eeprom --no-change-warnings --change-section-lma .eeprom=0 -O ihex wordclock.elf  "wordclock.eep"
Finished building: wordclock.eep
 
Invoking: Print Size
avr-size --format=berkeley -t wordclock.elf
   text	   data	    bss	    dec	    hex	filename
  12382	   1216	     81	  13679	   356f	wordclock.elf
  12382	   1216	     81	  13679	   356f	(TOTALS)
Finished building: sizedummy
 

**** Build Finished ****

**** Build of configuration Release for project wordclock ****

make all 
Building target: wordclock.elf
Invoking: AVR C++ Linker
avr-g++ -Wl,-Map,wordclock.map,--cref -mmcu=atmega32 -o "wordclock.elf"  ./i2c-master.o ./i2c-rtc.o ./ldr.o ./main.o ./timer.o   
Finished building target: wordclock.elf
 
Invoking: AVR Create Extended Listing
avr-objdump -h -S wordclock.elf  >"wordclock.lss"
Finished building: wordclock.lss
 
Create Flash image (ihex format)
avr-objcopy -R .eeprom -O ihex wordclock.elf  "wordclock.hex"
Finished building: wordclock.hex
 
Create eeprom image (ihex format)
avr-objcopy -j .eeprom --no-change-warnings --change-section-lma .eeprom=0 -O ihex wordclock.elf  "wordclock.eep"
Finished building: wordclock.eep
 
Invoking: Print Size
avr-size --format=berkeley -t wordclock.elf
   text	   data	    bss	    dec	    hex	filename
  12382	   1216	     81	  13679	   356f	wordclock.elf
  12382	   1216	     81	  13679	   356f	(TOTALS)
Finished building: sizedummy
 
Invoking: AVRDude
/usr/bin/avrdude -pm32 -cusbasp -u -Uflash:w:wordclock.hex:a -Ueeprom:w:wordclock.eep:a -Ulfuse:w:0xde:m -Uhfuse:w:0x99:m
avrdude: error: could not find USB device "USBasp" with vid=0x16c0 pid=0x5dc
make: *** [avrdudedummy] Error 1

**** Build Finished ****
